<?xml version="1.0" encoding="UTF-8"?>
<!-- Generated by org.testng.reporters.JUnitReportReporter -->
<testsuite skipped="0" hostname="DESKTOP-OU6D541" name="com.TestNG.class01.DifferentAnnotations" tests="1" failures="0" timestamp="2020-05-19T19:48:26 EDT" time="0.011" errors="0">
  <testcase name="test" time="0.011" classname="com.TestNG.class01.DifferentAnnotations"/>
  <system-out/>
</testsuite> <!-- com.TestNG.class01.DifferentAnnotations -->
