<?xml version="1.0" encoding="UTF-8"?>
<!-- Generated by org.testng.reporters.JUnitReportReporter -->
<testsuite skipped="0" hostname="DESKTOP-OU6D541" name="com.class01.DifferentAnnotations" tests="1" failures="0" timestamp="2020-05-26T17:01:20 EDT" time="0.014" errors="0">
  <testcase name="test" time="0.014" classname="com.class01.DifferentAnnotations"/>
  <system-out/>
</testsuite> <!-- com.class01.DifferentAnnotations -->
