<?xml version="1.0" encoding="UTF-8"?>
<!-- Generated by org.testng.reporters.JUnitReportReporter -->
<testsuite skipped="1" hostname="DESKTOP-OU6D541" name="com.class04.HW" tests="1" failures="0" timestamp="2020-06-01T17:03:19 EDT" time="0.000" errors="0">
  <testcase name="test" time="0.000" classname="com.class04.HW">
    <skipped/>
  </testcase> <!-- test -->
  <system-out/>
</testsuite> <!-- com.class04.HW -->
