<?xml version="1.0" encoding="UTF-8"?>
<!-- Generated by org.testng.reporters.JUnitReportReporter -->
<testsuite skipped="0" hostname="DESKTOP-OU6D541" name="com.class01.TestNGDemo" tests="3" failures="0" timestamp="2020-06-01T17:04:49 EDT" time="0.020" errors="0">
  <testcase name="testTwo" time="0.004" classname="com.class01.TestNGDemo"/>
  <system-out/>
  <testcase name="testOne" time="0.015" classname="com.class01.TestNGDemo"/>
  <system-out/>
  <testcase name="testThree" time="0.001" classname="com.class01.TestNGDemo"/>
  <system-out/>
</testsuite> <!-- com.class01.TestNGDemo -->
