<?xml version="1.0" encoding="UTF-8"?>
<!-- Generated by org.testng.reporters.JUnitReportReporter -->
<testsuite skipped="0" hostname="DESKTOP-OU6D541" name="com.class01.TaskTwo" tests="3" failures="0" timestamp="2020-06-01T17:04:11 EDT" time="0.013" errors="0">
  <testcase name="test1" time="0.006" classname="com.class01.TaskTwo"/>
  <system-out/>
  <testcase name="test2" time="0.003" classname="com.class01.TaskTwo"/>
  <system-out/>
  <testcase name="test3" time="0.004" classname="com.class01.TaskTwo"/>
  <system-out/>
</testsuite> <!-- com.class01.TaskTwo -->
