<?xml version="1.0" encoding="UTF-8"?>
<!-- Generated by org.testng.reporters.JUnitReportReporter -->
<testsuite skipped="1" hostname="DESKTOP-OU6D541" name="com.class02.TaskOne" tests="5" failures="0" timestamp="2020-06-03T16:38:49 EDT" time="0.024" errors="0">
  <testcase name="fourthMethod" time="0.010" classname="com.class02.TaskOne"/>
  <system-out/>
  <testcase name="thirdMethod" time="0.003" classname="com.class02.TaskOne"/>
  <system-out/>
  <testcase name="secondMethod" time="0.004" classname="com.class02.TaskOne"/>
  <system-out/>
  <testcase name="firstMethod" time="0.007" classname="com.class02.TaskOne"/>
  <system-out/>
  <testcase name="firstMethod1" classname="com.class02.TaskOne">
    <skipped/>
  </testcase> <!-- firstMethod1 -->
  <system-out/>
</testsuite> <!-- com.class02.TaskOne -->
