<?xml version="1.0" encoding="UTF-8"?>
<!-- Generated by org.testng.reporters.JUnitReportReporter -->
<testsuite skipped="0" hostname="DESKTOP-OU6D541" name="com.class01.DifferentAnnotations" tests="1" failures="0" timestamp="2020-06-01T17:04:02 EDT" time="0.007" errors="0">
  <testcase name="test" time="0.007" classname="com.class01.DifferentAnnotations"/>
  <system-out/>
</testsuite> <!-- com.class01.DifferentAnnotations -->
