<?xml version="1.0" encoding="UTF-8"?>
<!-- Generated by org.testng.reporters.JUnitReportReporter -->
<testsuite skipped="0" hostname="DESKTOP-OU6D541" name="com.TestNG.class01.TestNGDemo" tests="3" failures="0" timestamp="2020-05-19T19:15:03 EDT" time="0.015" errors="0">
  <testcase name="testThree" time="0.003" classname="com.TestNG.class01.TestNGDemo"/>
  <system-out/>
  <testcase name="testOne" time="0.010" classname="com.TestNG.class01.TestNGDemo"/>
  <system-out/>
  <testcase name="testTwo" time="0.002" classname="com.TestNG.class01.TestNGDemo"/>
  <system-out/>
</testsuite> <!-- com.TestNG.class01.TestNGDemo -->
